<?xml version="1.0" encoding="UTF-8"?>
<!-- Generated by org.testng.reporters.JUnitReportReporter -->
<testsuite hostname="DESKTOP-H7UE10A" failures="0" tests="1" name="Basic_Jenkins.OrganizationsTest" time="6.776" errors="0" timestamp="2024-03-15T13:42:52 IST" skipped="0">
  <testcase classname="Basic_Jenkins.OrganizationsTest" name="CreateOrganizationsTest" time="6.776"/>
  <system-out/>
</testsuite> <!-- Basic_Jenkins.OrganizationsTest -->
