<?xml version="1.0" encoding="UTF-8"?>
<!-- Generated by org.testng.reporters.JUnitReportReporter -->
<testsuite hostname="DESKTOP-H7UE10A" failures="0" tests="1" name="Basic_Jenkins.OrganizationsTest" time="30.970" errors="0" timestamp="2024-03-20T16:32:42 IST" skipped="0">
  <testcase classname="Basic_Jenkins.OrganizationsTest" name="CreateOrganizationsTest" time="30.970"/>
  <system-out>
    <![CDATA[CreateOrganizationsTestTestscript Exuction is started]]>
  </system-out>
</testsuite> <!-- Basic_Jenkins.OrganizationsTest -->
